<?xml version="1.0" encoding="UTF-8"?>
<!-- Generated by org.testng.reporters.JUnitXMLReporter -->
<testsuite hostname="DESKTOP-BOVJ3NS" name="test1" tests="2" failures="1" timestamp="3 Jul 2020 08:01:27 GMT" time="133.286" errors="0">
  <testcase name="RegisterValid" time="5.909" classname="Scripts.Register"/>
  <testcase name="InvalidRegister" time="0.009" classname="Scripts.Register">
    <failure type="java.lang.AssertionError" message="expected [11] but found [10]">
      <![CDATA[java.lang.AssertionError: expected [11] but found [10]
	at Scripts.Register.InvalidRegister(Register.java:88)
... Removed 29 stack frames]]>
    </failure>
  </testcase> <!-- InvalidRegister -->
</testsuite> <!-- test1 -->
