<?xml version="1.0" encoding="UTF-8"?>
<!-- Generated by org.testng.reporters.JUnitXMLReporter -->
<testsuite hostname="DESKTOP-BOVJ3NS" name="Test" tests="4" failures="2" timestamp="1 Jun 2020 08:09:31 GMT" time="307.751" errors="0">
  <testcase name="@AfterMethod after_method" time="0.0" classname="Scripts.LoginSite">
    <failure type="java.lang.NullPointerException">
      <![CDATA[java.lang.NullPointerException
	at Scripts.BaseClass.after_method(BaseClass.java:59)
... Removed 26 stack frames]]>
    </failure>
  </testcase> <!-- @AfterMethod after_method -->
  <testcase name="@BeforeMethod before_method" time="0.0" classname="Scripts.LoginSite">
    <skipped/>
  </testcase> <!-- @BeforeMethod before_method -->
  <testcase name="@AfterMethod after_method" time="0.0" classname="Scripts.LoginSite">
    <skipped/>
  </testcase> <!-- @AfterMethod after_method -->
  <testcase name="Register" time="3.311" classname="Scripts.Register"/>
  <testcase name="InvalidRegister" time="2.494" classname="Scripts.Register">
    <failure type="java.lang.AssertionError" message="expected [CREATE AN ACCOUNT] but found [An account using this email address has already been registered. Please enter a valid password or request a new one.]">
      <![CDATA[java.lang.AssertionError: expected [CREATE AN ACCOUNT] but found [An account using this email address has already been registered. Please enter a valid password or request a new one.]
	at Scripts.Register.InvalidRegister(Register.java:77)
... Removed 29 stack frames]]>
    </failure>
  </testcase> <!-- InvalidRegister -->
  <testcase name="loginValidCredentials" time="5.382" classname="Scripts.LoginSite">
    <failure type="java.lang.NullPointerException">
      <![CDATA[java.lang.NullPointerException
	at Scripts.LoginSite.loginValidCredentials(LoginSite.java:69)
... Removed 24 stack frames]]>
    </failure>
  </testcase> <!-- loginValidCredentials -->
  <testcase name="loginInvalidCredentials" time="0.005" classname="Scripts.LoginSite">
    <skipped/>
  </testcase> <!-- loginInvalidCredentials -->
</testsuite> <!-- Test -->
